<?xml version="1.0" encoding="UTF-8"?>
<!-- Generated by org.testng.reporters.JUnitXMLReporter -->
<testsuite hostname="IRIS-CSG-2526" ignored="0" name="Test" tests="2" failures="2" timestamp="16 May 2020 23:46:49 GMT" time="12.42" errors="0">
  <testcase name="homePageNavigation" time="4.25" classname="Automation.HomePage">
    <failure type="junit.framework.ComparisonFailure" message="expected:&amp;lt;Author&amp;gt; but was:&amp;lt;Category:&amp;gt;">
      <![CDATA[junit.framework.ComparisonFailure: expected:<Author> but was:<Category:>
at junit.framework.Assert.assertEquals(Assert.java:81)
at junit.framework.Assert.assertEquals(Assert.java:87)
at Automation.HomePage.homePageNavigation(HomePage.java:35)
... Removed 25 stack frames]]>
    </failure>
  </testcase> <!-- homePageNavigation -->
  <testcase name="homePageNavigation" time="0.085" classname="Automation.HomePage">
    <failure type="junit.framework.ComparisonFailure" message="expected:&amp;lt;Author&amp;gt; but was:&amp;lt;Category:&amp;gt;">
      <![CDATA[junit.framework.ComparisonFailure: expected:<Author> but was:<Category:>
at junit.framework.Assert.assertEquals(Assert.java:81)
at junit.framework.Assert.assertEquals(Assert.java:87)
at Automation.HomePage.homePageNavigation(HomePage.java:35)
... Removed 25 stack frames]]>
    </failure>
  </testcase> <!-- homePageNavigation -->
</testsuite> <!-- Test -->
